[33m❯[39m Building...
[32m✔[39m Building...
[1mInitial chunk files[22m[2m | [22m[1mNames[22m                     [2m | [22m [1mRaw size[22m[2m | [22m[1mEstimated transfer size[22m
[32mchunk-ZLAUMSBL.js[39m  [2m | [22m[2m-[22m                         [2m | [22m[36m171.12 kB[39m[2m | [22m               [36m49.90 kB[39m
[32mmain-23QUASYB.js[39m   [2m | [22m[2mmain[22m                      [2m | [22m[36m144.51 kB[39m[2m | [22m               [36m20.86 kB[39m
[32mchunk-7LANSHSQ.js[39m  [2m | [22m[2m-[22m                         [2m | [22m[36m106.94 kB[39m[2m | [22m               [36m29.37 kB[39m
[32mchunk-RO4T5ZA6.js[39m  [2m | [22m[2m-[22m                         [2m | [22m [36m85.39 kB[39m[2m | [22m               [36m21.64 kB[39m
[32mstyles-MYWEUJKN.css[39m[2m | [22m[2mstyles[22m                    [2m | [22m [36m26.73 kB[39m[2m | [22m                [36m3.24 kB[39m
[32mchunk-QY4ULNQN.js[39m  [2m | [22m[2m-[22m                         [2m | [22m [36m19.91 kB[39m[2m | [22m                [36m5.47 kB[39m
[32mchunk-HCUZNRUH.js[39m  [2m | [22m[2m-[22m                         [2m | [22m  [36m1.34 kB[39m[2m | [22m              [36m669 bytes[39m
[32mchunk-HGKLSCJ4.js[39m  [2m | [22m[2m-[22m                         [2m | [22m  [36m1.10 kB[39m[2m | [22m              [36m505 bytes[39m

[1m [22m                  [2m | [22m[1mInitial total[22m             [2m | [22m[1m[93m557.02 kB[39m[22m[2m | [22m              [1m131.66 kB[22m

[1mLazy chunk files[22m   [2m | [22m[1mNames[22m                     [2m | [22m [1mRaw size[22m[2m | [22m[1mEstimated transfer size[22m
[32mchunk-ZTIYTCD7.js[39m  [2m | [22m[2m-[22m                         [2m | [22m[36m439.07 kB[39m[2m | [22m               [36m75.35 kB[39m
[32mchunk-OJKXW7MI.js[39m  [2m | [22m[2m-[22m                         [2m | [22m[36m208.82 kB[39m[2m | [22m               [36m62.43 kB[39m
[32mchunk-X3B63L2N.js[39m  [2m | [22m[2mbrowser[22m                   [2m | [22m [36m67.75 kB[39m[2m | [22m               [36m17.74 kB[39m
[32mchunk-TCNG4FCZ.js[39m  [2m | [22m[2m-[22m                         [2m | [22m [36m59.52 kB[39m[2m | [22m               [36m11.09 kB[39m
[32mchunk-542CLVJ5.js[39m  [2m | [22m[2m-[22m                         [2m | [22m [36m55.31 kB[39m[2m | [22m               [36m12.16 kB[39m
[32mchunk-NRQDU4LL.js[39m  [2m | [22m[2m-[22m                         [2m | [22m [36m37.08 kB[39m[2m | [22m                [36m8.02 kB[39m
[32mchunk-YXE4AX7D.js[39m  [2m | [22m[2m-[22m                         [2m | [22m [36m22.45 kB[39m[2m | [22m                [36m6.41 kB[39m
[32mchunk-2YS2XED5.js[39m  [2m | [22m[2m-[22m                         [2m | [22m [36m22.21 kB[39m[2m | [22m                [36m5.17 kB[39m
[32mchunk-HLNMV5KZ.js[39m  [2m | [22m[2mdashboard-component[22m       [2m | [22m [36m16.79 kB[39m[2m | [22m                [36m4.71 kB[39m
[32mchunk-I7T24ES2.js[39m  [2m | [22m[2mlayout-component[22m          [2m | [22m [36m16.20 kB[39m[2m | [22m                [36m4.08 kB[39m
[32mchunk-RYXGZRU2.js[39m  [2m | [22m[2m-[22m                         [2m | [22m [36m13.48 kB[39m[2m | [22m                [36m4.31 kB[39m
[32mchunk-44CG7ZAX.js[39m  [2m | [22m[2mcategory-list-component[22m   [2m | [22m  [36m9.06 kB[39m[2m | [22m                [36m3.00 kB[39m
[32mchunk-3VDBQMYK.js[39m  [2m | [22m[2mactivate-account-component[22m[2m | [22m  [36m7.04 kB[39m[2m | [22m                [36m2.32 kB[39m
[32mchunk-M7IPXFMF.js[39m  [2m | [22m[2mregister-component[22m        [2m | [22m  [36m6.97 kB[39m[2m | [22m                [36m2.11 kB[39m
[32mchunk-7RNYR7F7.js[39m  [2m | [22m[2mlogin-component[22m           [2m | [22m  [36m4.66 kB[39m[2m | [22m                [36m1.62 kB[39m
[2m...and 2 more lazy chunks files. Use "--verbose" to show all the files.[22m

Application bundle generation complete. [7.074 seconds] - 2026-02-16T16:03:22.672Z

[1m[33m[33m▲ [43;33m[[43;30mWARNING[43;33m][0m [1mbundle initial exceeded maximum budget. Budget 500.00 kB was not met by 57.02 kB with a total of 557.02 kB.[0m

[39m[22m
Output location: C:\Users\andre\OneDrive\Escritorio\MiDinero-UI\dist\MiDinero-UI

